v ATLAS
# This file was created by ATLAS version 5.26.1.R on Wed Sep 16 23:47:17 2020.
#SSF 2.0 generic
##############################################################################
#                    Copyright (c) 1984 - 2018                               #
#                    Silvaco Inc. All rights reserved                        #
#                                                                            #
# This file format and the following Key are copyright Silvaco Inc.          #
# You may not use, this format or key without reproducing this message in    #
# full and obtaining express written permission from Silvaco Inc.            #
#                                                                            #
# To obtain such permission please contact: Silvaco Inc.                     #
#                                           support@silvaco.com              #
#                                                                            #
# KEY=SVC86hn7562asdx                       PROD=345                         #
##############################################################################
y 1 15
z 300
f 3 "emitter" "base" "collector" 
p 9 2 601 20 3 602 21 4 603 22 
d 0.000000000e+000 0.000000000e+000 -5.329465840e-013 2.000000000e-001 2.000000000e-001 8.920454494e-013 0.000000000e+000 0.000000000e+000 -3.590918605e-013 
d 0.000000000e+000 0.000000000e+000 -1.688602197e-012 2.000000000e-001 2.000000000e-001 7.987401231e-013 1.000000000e-002 1.000000000e-002 8.898619094e-013 
d 0.000000000e+000 0.000000000e+000 -2.525472280e-012 2.000000000e-001 2.000000000e-001 7.308986824e-013 2.000000000e-002 2.000000000e-002 1.794566772e-012 
d 0.000000000e+000 0.000000000e+000 -3.141808406e-012 2.000000000e-001 2.000000000e-001 6.812693476e-013 3.000000000e-002 3.000000000e-002 2.460539581e-012 
d 0.000000000e+000 0.000000000e+000 -3.606082110e-012 2.000000000e-001 2.000000000e-001 6.447309481e-013 4.000000000e-002 4.000000000e-002 2.961349753e-012 
d 0.000000000e+000 0.000000000e+000 -3.966004532e-012 2.000000000e-001 2.000000000e-001 6.176535431e-013 5.000000000e-002 5.000000000e-002 3.348352184e-012 
d 0.000000000e+000 0.000000000e+000 -4.254907261e-012 2.000000000e-001 2.000000000e-001 5.974534874e-013 6.000000000e-002 6.000000000e-002 3.657452459e-012 
d 0.000000000e+000 0.000000000e+000 -4.496095089e-012 2.000000000e-001 2.000000000e-001 5.822834407e-013 7.000000000e-002 7.000000000e-002 3.913810756e-012 
d 0.000000000e+000 0.000000000e+000 -4.705936804e-012 2.000000000e-001 2.000000000e-001 5.708157531e-013 8.000000000e-002 8.000000000e-002 4.135113885e-012 
d 0.000000000e+000 0.000000000e+000 -4.895943400e-012 2.000000000e-001 2.000000000e-001 5.620910517e-013 9.000000000e-002 9.000000000e-002 4.333852285e-012 
d 0.000000000e+000 0.000000000e+000 -5.074318278e-012 2.000000000e-001 2.000000000e-001 5.554118940e-013 1.000000000e-001 1.000000000e-001 4.518905786e-012 
d 0.000000000e+000 0.000000000e+000 -5.246928886e-012 2.000000000e-001 2.000000000e-001 5.502680448e-013 1.100000000e-001 1.100000000e-001 4.696648828e-012 
d 0.000000000e+000 0.000000000e+000 -5.418004333e-012 2.000000000e-001 2.000000000e-001 5.462837721e-013 1.200000000e-001 1.200000000e-001 4.871721604e-012 
d 0.000000000e+000 0.000000000e+000 -5.590749033e-012 2.000000000e-001 2.000000000e-001 5.431804121e-013 1.300000000e-001 1.300000000e-001 5.047569181e-012 
d 0.000000000e+000 0.000000000e+000 -5.767572041e-012 2.000000000e-001 2.000000000e-001 5.407499010e-013 1.400000000e-001 1.400000000e-001 5.226819102e-012 
d 0.000000000e+000 0.000000000e+000 -5.950391158e-012 2.000000000e-001 2.000000000e-001 5.388356735e-013 1.500000000e-001 1.500000000e-001 5.411547084e-012 
d 0.000000000e+000 0.000000000e+000 -6.140783738e-012 2.000000000e-001 2.000000000e-001 5.373191480e-013 1.600000000e-001 1.600000000e-001 5.603464565e-012 
d 0.000000000e+000 0.000000000e+000 -6.340164216e-012 2.000000000e-001 2.000000000e-001 5.361098120e-013 1.700000000e-001 1.700000000e-001 5.804052796e-012 
d 0.000000000e+000 0.000000000e+000 -6.549795395e-012 2.000000000e-001 2.000000000e-001 5.351381372e-013 1.800000000e-001 1.800000000e-001 6.014659282e-012 
d 0.000000000e+000 0.000000000e+000 -6.770926707e-012 2.000000000e-001 2.000000000e-001 5.343503619e-013 1.900000000e-001 1.900000000e-001 6.236568789e-012 
d 0.000000000e+000 0.000000000e+000 -7.004761217e-012 2.000000000e-001 2.000000000e-001 5.337048123e-013 2.000000000e-001 2.000000000e-001 6.471057040e-012 
d 0.000000000e+000 0.000000000e+000 -7.252601829e-012 2.000000000e-001 2.000000000e-001 5.331690009e-013 2.100000000e-001 2.100000000e-001 6.719432706e-012 
d 0.000000000e+000 0.000000000e+000 -7.515791129e-012 2.000000000e-001 2.000000000e-001 5.327177722e-013 2.200000000e-001 2.200000000e-001 6.983071716e-012 
d 0.000000000e+000 0.000000000e+000 -7.795779897e-012 2.000000000e-001 2.000000000e-001 5.323318212e-013 2.300000000e-001 2.300000000e-001 7.263447212e-012 
d 0.000000000e+000 0.000000000e+000 -8.094152587e-012 2.000000000e-001 2.000000000e-001 5.319966487e-013 2.400000000e-001 2.400000000e-001 7.562157072e-012 
d 0.000000000e+000 0.000000000e+000 -8.412657403e-012 2.000000000e-001 2.000000000e-001 5.317020346e-013 2.500000000e-001 2.500000000e-001 7.880950612e-012 
d 0.000000000e+000 0.000000000e+000 -8.753207969e-012 2.000000000e-001 2.000000000e-001 5.314414744e-013 2.600000000e-001 2.600000000e-001 8.221755840e-012 
d 0.000000000e+000 0.000000000e+000 -9.117921765e-012 2.000000000e-001 2.000000000e-001 5.312120714e-013 2.700000000e-001 2.700000000e-001 8.586708370e-012 
d 0.000000000e+000 0.000000000e+000 -9.509195731e-012 2.000000000e-001 2.000000000e-001 5.310142085e-013 2.800000000e-001 2.800000000e-001 8.978183219e-012 
d 0.000000000e+000 0.000000000e+000 -9.929689142e-012 2.000000000e-001 2.000000000e-001 5.308514559e-013 2.900000000e-001 2.900000000e-001 9.398829750e-012 
d 0.000000000e+000 0.000000000e+000 -1.038234825e-011 2.000000000e-001 2.000000000e-001 5.307302670e-013 3.000000000e-001 3.000000000e-001 9.851611585e-012 
d 0.000000000e+000 0.000000000e+000 -1.087051199e-011 2.000000000e-001 2.000000000e-001 5.306595910e-013 3.100000000e-001 3.100000000e-001 1.033985167e-011 
d 0.000000000e+000 0.000000000e+000 -1.139794286e-011 2.000000000e-001 2.000000000e-001 5.306504317e-013 3.200000000e-001 3.200000000e-001 1.086728384e-011 
d 0.000000000e+000 0.000000000e+000 -1.196883111e-011 2.000000000e-001 2.000000000e-001 5.307152947e-013 3.300000000e-001 3.300000000e-001 1.143811159e-011 
d 0.000000000e+000 0.000000000e+000 -1.258795433e-011 2.000000000e-001 2.000000000e-001 5.308676121e-013 3.400000000e-001 3.400000000e-001 1.205707567e-011 
d 0.000000000e+000 0.000000000e+000 -1.326064696e-011 2.000000000e-001 2.000000000e-001 5.311212102e-013 3.500000000e-001 3.500000000e-001 1.272953098e-011 
d 0.000000000e+000 0.000000000e+000 -1.399302415e-011 2.000000000e-001 2.000000000e-001 5.314899360e-013 3.600000000e-001 3.600000000e-001 1.346153514e-011 
d 0.000000000e+000 0.000000000e+000 -1.479194546e-011 2.000000000e-001 2.000000000e-001 5.319872583e-013 3.700000000e-001 3.700000000e-001 1.425994919e-011 
d 0.000000000e+000 0.000000000e+000 -1.566518028e-011 2.000000000e-001 2.000000000e-001 5.326261938e-013 3.800000000e-001 3.800000000e-001 1.513255308e-011 
d 0.000000000e+000 0.000000000e+000 -1.662160371e-011 2.000000000e-001 2.000000000e-001 5.334192447e-013 3.900000000e-001 3.900000000e-001 1.608817755e-011 
d 0.000000000e+000 0.000000000e+000 -1.767123670e-011 2.000000000e-001 2.000000000e-001 5.343784830e-013 4.000000000e-001 4.000000000e-001 1.713685484e-011 
d 0.000000000e+000 0.000000000e+000 -1.882551004e-011 2.000000000e-001 2.000000000e-001 5.355156765e-013 4.100000000e-001 4.100000000e-001 1.828999030e-011 
d 0.000000000e+000 0.000000000e+000 -2.009739512e-011 2.000000000e-001 2.000000000e-001 5.368425261e-013 4.200000000e-001 4.200000000e-001 1.956055772e-011 
d 0.000000000e+000 0.000000000e+000 -2.150169756e-011 2.000000000e-001 2.000000000e-001 5.383707738e-013 4.300000000e-001 4.300000000e-001 2.096332165e-011 
d 0.000000000e+000 0.000000000e+000 -2.305519638e-011 2.000000000e-001 2.000000000e-001 5.401124476e-013 4.400000000e-001 4.400000000e-001 2.251508878e-011 
d 0.000000000e+000 0.000000000e+000 -2.477707126e-011 2.000000000e-001 2.000000000e-001 5.420799519e-013 4.500000000e-001 4.500000000e-001 2.423499283e-011 
d 0.000000000e+000 0.000000000e+000 -2.668909477e-011 2.000000000e-001 2.000000000e-001 5.442861464e-013 4.600000000e-001 4.600000000e-001 2.614481536e-011 
d 0.000000000e+000 0.000000000e+000 -2.881609600e-011 2.000000000e-001 2.000000000e-001 5.467444404e-013 4.700000000e-001 4.700000000e-001 2.826934676e-011 
d 0.000000000e+000 0.000000000e+000 -3.118625800e-011 2.000000000e-001 2.000000000e-001 5.494687324e-013 4.800000000e-001 4.800000000e-001 3.063679185e-011 
d 0.000000000e+000 0.000000000e+000 -3.383171013e-011 2.000000000e-001 2.000000000e-001 5.524734607e-013 4.900000000e-001 4.900000000e-001 3.327922342e-011 
d 0.000000000e+000 0.000000000e+000 -3.678886558e-011 2.000000000e-001 2.000000000e-001 5.557735846e-013 5.000000000e-001 5.000000000e-001 3.623308975e-011 
