v ATLAS
# This file was created by ATLAS version 5.26.1.R on Thu Sep 17 00:05:39 2020.
#SSF 2.0 generic
##############################################################################
#                    Copyright (c) 1984 - 2018                               #
#                    Silvaco Inc. All rights reserved                        #
#                                                                            #
# This file format and the following Key are copyright Silvaco Inc.          #
# You may not use, this format or key without reproducing this message in    #
# full and obtaining express written permission from Silvaco Inc.            #
#                                                                            #
# To obtain such permission please contact: Silvaco Inc.                     #
#                                           support@silvaco.com              #
#                                                                            #
# KEY=SVC86hn7562asdx                       PROD=345                         #
##############################################################################
y 1 15
z 300
f 3 "emitter" "base" "collector" 
p 9 2 601 20 3 602 21 4 603 22 
d 0.000000000e+000 0.000000000e+000 -5.329465840e-013 2.000000000e-001 2.000000000e-001 8.920454494e-013 0.000000000e+000 0.000000000e+000 -3.590918605e-013 
d 0.000000000e+000 0.000000000e+000 -7.992267359e-010 4.000000000e-001 4.000000000e-001 1.172431231e-009 0.000000000e+000 0.000000000e+000 -3.732044728e-010 
d 0.000000000e+000 0.000000000e+000 -1.916624620e-009 4.000000000e-001 4.000000000e-001 1.057409556e-009 1.000000000e-002 1.000000000e-002 8.592150608e-010 
d 0.000000000e+000 0.000000000e+000 -2.704361827e-009 4.000000000e-001 4.000000000e-001 9.776008812e-010 2.000000000e-002 2.000000000e-002 1.726760954e-009 
d 0.000000000e+000 0.000000000e+000 -3.264733122e-009 4.000000000e-001 4.000000000e-001 9.221797036e-010 3.000000000e-002 3.000000000e-002 2.342553420e-009 
d 0.000000000e+000 0.000000000e+000 -3.668418739e-009 4.000000000e-001 4.000000000e-001 8.836441707e-010 4.000000000e-002 4.000000000e-002 2.784774589e-009 
d 0.000000000e+000 0.000000000e+000 -3.964235100e-009 4.000000000e-001 4.000000000e-001 8.567989176e-010 5.000000000e-002 5.000000000e-002 3.107436187e-009 
d 0.000000000e+000 0.000000000e+000 -4.185889003e-009 4.000000000e-001 4.000000000e-001 8.380475477e-010 6.000000000e-002 6.000000000e-002 3.347841461e-009 
d 0.000000000e+000 0.000000000e+000 -4.356651555e-009 4.000000000e-001 4.000000000e-001 8.249012746e-010 7.000000000e-002 7.000000000e-002 3.531750282e-009 
d 0.000000000e+000 0.000000000e+000 -4.492589265e-009 4.000000000e-001 4.000000000e-001 8.156380978e-010 8.000000000e-002 8.000000000e-002 3.676951158e-009 
d 0.000000000e+000 0.000000000e+000 -4.604796458e-009 4.000000000e-001 4.000000000e-001 8.090666178e-010 9.000000000e-002 9.000000000e-002 3.795729834e-009 
d 0.000000000e+000 0.000000000e+000 -4.700936961e-009 4.000000000e-001 4.000000000e-001 8.043624832e-010 1.000000000e-001 1.000000000e-001 3.896574480e-009 
d 0.000000000e+000 0.000000000e+000 -4.786308271e-009 4.000000000e-001 4.000000000e-001 8.009551995e-010 1.100000000e-001 1.100000000e-001 3.985353081e-009 
d 0.000000000e+000 0.000000000e+000 -4.864576014e-009 4.000000000e-001 4.000000000e-001 7.984498267e-010 1.200000000e-001 1.200000000e-001 4.066126174e-009 
d 0.000000000e+000 0.000000000e+000 -4.938280560e-009 4.000000000e-001 4.000000000e-001 7.965728290e-010 1.300000000e-001 1.300000000e-001 4.141707739e-009 
d 0.000000000e+000 0.000000000e+000 -5.009186860e-009 4.000000000e-001 4.000000000e-001 7.951346367e-010 1.400000000e-001 1.400000000e-001 4.214052223e-009 
d 0.000000000e+000 0.000000000e+000 -5.078525344e-009 4.000000000e-001 4.000000000e-001 7.940037652e-010 1.500000000e-001 1.500000000e-001 4.284521578e-009 
d 0.000000000e+000 0.000000000e+000 -5.147158416e-009 4.000000000e-001 4.000000000e-001 7.930889252e-010 1.600000000e-001 1.600000000e-001 4.354069486e-009 
d 0.000000000e+000 0.000000000e+000 -5.215695135e-009 4.000000000e-001 4.000000000e-001 7.923266554e-010 1.700000000e-001 1.700000000e-001 4.423368469e-009 
d 0.000000000e+000 0.000000000e+000 -5.284570361e-009 4.000000000e-001 4.000000000e-001 7.916727725e-010 1.800000000e-001 1.800000000e-001 4.492897588e-009 
d 0.000000000e+000 0.000000000e+000 -5.354099407e-009 4.000000000e-001 4.000000000e-001 7.910964583e-010 1.900000000e-001 1.900000000e-001 4.563002971e-009 
d 0.000000000e+000 0.000000000e+000 -5.424515761e-009 4.000000000e-001 4.000000000e-001 7.905761690e-010 2.000000000e-001 2.000000000e-001 4.633939587e-009 
d 0.000000000e+000 0.000000000e+000 -5.495996902e-009 4.000000000e-001 4.000000000e-001 7.900968041e-010 2.100000000e-001 2.100000000e-001 4.705900108e-009 
d 0.000000000e+000 0.000000000e+000 -5.568682599e-009 4.000000000e-001 4.000000000e-001 7.896477453e-010 2.200000000e-001 2.200000000e-001 4.779034845e-009 
d 0.000000000e+000 0.000000000e+000 -5.642687040e-009 4.000000000e-001 4.000000000e-001 7.892214977e-010 2.300000000e-001 2.300000000e-001 4.853465546e-009 
d 0.000000000e+000 0.000000000e+000 -5.718107706e-009 4.000000000e-001 4.000000000e-001 7.888127470e-010 2.400000000e-001 2.400000000e-001 4.929294954e-009 
d 0.000000000e+000 0.000000000e+000 -5.795031151e-009 4.000000000e-001 4.000000000e-001 7.884177039e-010 2.500000000e-001 2.500000000e-001 5.006613446e-009 
d 0.000000000e+000 0.000000000e+000 -5.873537297e-009 4.000000000e-001 4.000000000e-001 7.880336491e-010 2.600000000e-001 2.600000000e-001 5.085503656e-009 
d 0.000000000e+000 0.000000000e+000 -5.953702315e-009 4.000000000e-001 4.000000000e-001 7.876586160e-010 2.700000000e-001 2.700000000e-001 5.166043714e-009 
d 0.000000000e+000 0.000000000e+000 -6.035600695e-009 4.000000000e-001 4.000000000e-001 7.872911689e-010 2.800000000e-001 2.800000000e-001 5.248309530e-009 
d 0.000000000e+000 0.000000000e+000 -6.119306676e-009 4.000000000e-001 4.000000000e-001 7.869302487e-010 2.900000000e-001 2.900000000e-001 5.332376428e-009 
d 0.000000000e+000 0.000000000e+000 -6.204895380e-009 4.000000000e-001 4.000000000e-001 7.865750637e-010 3.000000000e-001 3.000000000e-001 5.418320317e-009 
d 0.000000000e+000 0.000000000e+000 -6.292443581e-009 4.000000000e-001 4.000000000e-001 7.862250141e-010 3.100000000e-001 3.100000000e-001 5.506218575e-009 
d 0.000000000e+000 0.000000000e+000 -6.382030352e-009 4.000000000e-001 4.000000000e-001 7.858796374e-010 3.200000000e-001 3.200000000e-001 5.596150707e-009 
d 0.000000000e+000 0.000000000e+000 -6.473737459e-009 4.000000000e-001 4.000000000e-001 7.855385710e-010 3.300000000e-001 3.300000000e-001 5.688198877e-009 
d 0.000000000e+000 0.000000000e+000 -6.567649859e-009 4.000000000e-001 4.000000000e-001 7.852015250e-010 3.400000000e-001 3.400000000e-001 5.782448344e-009 
d 0.000000000e+000 0.000000000e+000 -6.663856105e-009 4.000000000e-001 4.000000000e-001 7.848682629e-010 3.500000000e-001 3.500000000e-001 5.878987840e-009 
d 0.000000000e+000 0.000000000e+000 -6.762448503e-009 4.000000000e-001 4.000000000e-001 7.845385880e-010 3.600000000e-001 3.600000000e-001 5.977909917e-009 
d 0.000000000e+000 0.000000000e+000 -6.863523614e-009 4.000000000e-001 4.000000000e-001 7.842123337e-010 3.700000000e-001 3.700000000e-001 6.079311275e-009 
d 0.000000000e+000 0.000000000e+000 -6.967182444e-009 4.000000000e-001 4.000000000e-001 7.838893571e-010 3.800000000e-001 3.800000000e-001 6.183293088e-009 
d 0.000000000e+000 0.000000000e+000 -7.073530869e-009 4.000000000e-001 4.000000000e-001 7.835695336e-010 3.900000000e-001 3.900000000e-001 6.289961328e-009 
d 0.000000000e+000 0.000000000e+000 -7.182679859e-009 4.000000000e-001 4.000000000e-001 7.832527544e-010 4.000000000e-001 4.000000000e-001 6.399427106e-009 
d 0.000000000e+000 0.000000000e+000 -7.294745949e-009 4.000000000e-001 4.000000000e-001 7.829389247e-010 4.100000000e-001 4.100000000e-001 6.511807023e-009 
d 0.000000000e+000 0.000000000e+000 -7.409851503e-009 4.000000000e-001 4.000000000e-001 7.826279623e-010 4.200000000e-001 4.200000000e-001 6.627223548e-009 
d 0.000000000e+000 0.000000000e+000 -7.528125210e-009 4.000000000e-001 4.000000000e-001 7.823197977e-010 4.300000000e-001 4.300000000e-001 6.745805413e-009 
d 0.000000000e+000 0.000000000e+000 -7.649702409e-009 4.000000000e-001 4.000000000e-001 7.820143734e-010 4.400000000e-001 4.400000000e-001 6.867688039e-009 
d 0.000000000e+000 0.000000000e+000 -7.774725630e-009 4.000000000e-001 4.000000000e-001 7.817116447e-010 4.500000000e-001 4.500000000e-001 6.993013984e-009 
d 0.000000000e+000 0.000000000e+000 -7.903345015e-009 4.000000000e-001 4.000000000e-001 7.814115787e-010 4.600000000e-001 4.600000000e-001 7.121933441e-009 
d 0.000000000e+000 0.000000000e+000 -8.035718900e-009 4.000000000e-001 4.000000000e-001 7.811141540e-010 4.700000000e-001 4.700000000e-001 7.254604750e-009 
d 0.000000000e+000 0.000000000e+000 -8.172014331e-009 4.000000000e-001 4.000000000e-001 7.808193589e-010 4.800000000e-001 4.800000000e-001 7.391194970e-009 
d 0.000000000e+000 0.000000000e+000 -8.312407678e-009 4.000000000e-001 4.000000000e-001 7.805271898e-010 4.900000000e-001 4.900000000e-001 7.531880478e-009 
d 0.000000000e+000 0.000000000e+000 -8.457085274e-009 4.000000000e-001 4.000000000e-001 7.802376484e-010 5.000000000e-001 5.000000000e-001 7.676847627e-009 
