v ATLAS
# This file was created by ATLAS version 5.26.1.R on Wed Sep 16 23:56:10 2020.
#SSF 2.0 generic
##############################################################################
#                    Copyright (c) 1984 - 2018                               #
#                    Silvaco Inc. All rights reserved                        #
#                                                                            #
# This file format and the following Key are copyright Silvaco Inc.          #
# You may not use, this format or key without reproducing this message in    #
# full and obtaining express written permission from Silvaco Inc.            #
#                                                                            #
# To obtain such permission please contact: Silvaco Inc.                     #
#                                           support@silvaco.com              #
#                                                                            #
# KEY=SVC86hn7562asdx                       PROD=345                         #
##############################################################################
y 1 15
z 300
f 3 "emitter" "base" "collector" 
p 9 2 601 20 3 602 21 4 603 22 
d 0.000000000e+000 0.000000000e+000 -1.046842130e-013 1.500000000e-001 1.500000000e-001 1.901301784e-013 0.000000000e+000 0.000000000e+000 -8.544672251e-014 
d 0.000000000e+000 0.000000000e+000 -1.912432511e-011 3.000000000e-001 3.000000000e-001 2.903820584e-011 0.000000000e+000 0.000000000e+000 -9.913882596e-012 
d 0.000000000e+000 0.000000000e+000 -5.302318424e-011 3.000000000e-001 3.000000000e-001 2.609459936e-011 1.000000000e-002 1.000000000e-002 2.692858166e-011 
d 0.000000000e+000 0.000000000e+000 -7.711361526e-011 3.000000000e-001 3.000000000e-001 2.403523683e-011 2.000000000e-002 2.000000000e-002 5.307838347e-011 
d 0.000000000e+000 0.000000000e+000 -9.443523621e-011 3.000000000e-001 3.000000000e-001 2.259062076e-011 3.000000000e-002 3.000000000e-002 7.184460618e-011 
d 0.000000000e+000 0.000000000e+000 -1.070911278e-010 3.000000000e-001 3.000000000e-001 2.157396794e-011 4.000000000e-002 4.000000000e-002 8.551716184e-011 
d 0.000000000e+000 0.000000000e+000 -1.165367770e-010 3.000000000e-001 3.000000000e-001 2.085572639e-011 5.000000000e-002 5.000000000e-002 9.568104898e-011 
d 0.000000000e+000 0.000000000e+000 -1.237796595e-010 3.000000000e-001 3.000000000e-001 2.034595635e-011 6.000000000e-002 6.000000000e-002 1.034337225e-010 
d 0.000000000e+000 0.000000000e+000 -1.295175856e-010 3.000000000e-001 3.000000000e-001 1.998214814e-011 7.000000000e-002 7.000000000e-002 1.095354389e-010 
d 0.000000000e+000 0.000000000e+000 -1.342340538e-010 3.000000000e-001 3.000000000e-001 1.972079808e-011 8.000000000e-002 8.000000000e-002 1.145132429e-010 
d 0.000000000e+000 0.000000000e+000 -1.382644775e-010 3.000000000e-001 3.000000000e-001 1.953158148e-011 9.000000000e-002 9.000000000e-002 1.187328886e-010 
d 0.000000000e+000 0.000000000e+000 -1.418419229e-010 3.000000000e-001 3.000000000e-001 1.939332088e-011 1.000000000e-001 1.000000000e-001 1.224485883e-010 
d 0.000000000e+000 0.000000000e+000 -1.451286154e-010 3.000000000e-001 3.000000000e-001 1.929119483e-011 1.100000000e-001 1.100000000e-001 1.258374247e-010 
d 0.000000000e+000 0.000000000e+000 -1.482379611e-010 3.000000000e-001 3.000000000e-001 1.921480438e-011 1.200000000e-001 1.200000000e-001 1.290231586e-010 
d 0.000000000e+000 0.000000000e+000 -1.512495473e-010 3.000000000e-001 3.000000000e-001 1.915683256e-011 1.300000000e-001 1.300000000e-001 1.320927032e-010 
d 0.000000000e+000 0.000000000e+000 -1.542196424e-010 3.000000000e-001 3.000000000e-001 1.911211421e-011 1.400000000e-001 1.400000000e-001 1.351075264e-010 
d 0.000000000e+000 0.000000000e+000 -1.571885395e-010 3.000000000e-001 3.000000000e-001 1.907698969e-011 1.500000000e-001 1.500000000e-001 1.381115452e-010 
d 0.000000000e+000 0.000000000e+000 -1.601854579e-010 3.000000000e-001 3.000000000e-001 1.904885528e-011 1.600000000e-001 1.600000000e-001 1.411365953e-010 
d 0.000000000e+000 0.000000000e+000 -1.632320704e-010 3.000000000e-001 3.000000000e-001 1.902584995e-011 1.700000000e-001 1.700000000e-001 1.442062223e-010 
d 0.000000000e+000 0.000000000e+000 -1.663449476e-010 3.000000000e-001 3.000000000e-001 1.900663672e-011 1.800000000e-001 1.800000000e-001 1.473383127e-010 
d 0.000000000e+000 0.000000000e+000 -1.695371770e-010 3.000000000e-001 3.000000000e-001 1.899024965e-011 1.900000000e-001 1.900000000e-001 1.505469233e-010 
d 0.000000000e+000 0.000000000e+000 -1.728195443e-010 3.000000000e-001 3.000000000e-001 1.897598672e-011 2.000000000e-001 2.000000000e-001 1.538435554e-010 
d 0.000000000e+000 0.000000000e+000 -1.762013864e-010 3.000000000e-001 3.000000000e-001 1.896333434e-011 2.100000000e-001 2.100000000e-001 1.572380454e-010 
d 0.000000000e+000 0.000000000e+000 -1.796911054e-010 3.000000000e-001 3.000000000e-001 1.895191424e-011 2.200000000e-001 2.200000000e-001 1.607391920e-010 
d 0.000000000e+000 0.000000000e+000 -1.832966440e-010 3.000000000e-001 3.000000000e-001 1.894144578e-011 2.300000000e-001 2.300000000e-001 1.643551997e-010 
d 0.000000000e+000 0.000000000e+000 -1.870257195e-010 3.000000000e-001 3.000000000e-001 1.893171928e-011 2.400000000e-001 2.400000000e-001 1.680939975e-010 
d 0.000000000e+000 0.000000000e+000 -1.908860489e-010 3.000000000e-001 3.000000000e-001 1.892257684e-011 2.500000000e-001 2.500000000e-001 1.719634714e-010 
d 0.000000000e+000 0.000000000e+000 -1.948855463e-010 3.000000000e-001 3.000000000e-001 1.891389859e-011 2.600000000e-001 2.600000000e-001 1.759716385e-010 
d 0.000000000e+000 0.000000000e+000 -1.990323782e-010 3.000000000e-001 3.000000000e-001 1.890559295e-011 2.700000000e-001 2.700000000e-001 1.801267820e-010 
d 0.000000000e+000 0.000000000e+000 -2.033351499e-010 3.000000000e-001 3.000000000e-001 1.889758935e-011 2.800000000e-001 2.800000000e-001 1.844375600e-010 
d 0.000000000e+000 0.000000000e+000 -2.078029345e-010 3.000000000e-001 3.000000000e-001 1.888983305e-011 2.900000000e-001 2.900000000e-001 1.889130975e-010 
d 0.000000000e+000 0.000000000e+000 -2.124453516e-010 3.000000000e-001 3.000000000e-001 1.888228143e-011 3.000000000e-001 3.000000000e-001 1.935630695e-010 
d 0.000000000e+000 0.000000000e+000 -2.172726889e-010 3.000000000e-001 3.000000000e-001 1.887490109e-011 3.100000000e-001 3.100000000e-001 1.983977782e-010 
d 0.000000000e+000 0.000000000e+000 -2.222959041e-010 3.000000000e-001 3.000000000e-001 1.886766594e-011 3.200000000e-001 3.200000000e-001 2.034282294e-010 
d 0.000000000e+000 0.000000000e+000 -2.275267746e-010 3.000000000e-001 3.000000000e-001 1.886055573e-011 3.300000000e-001 3.300000000e-001 2.086662099e-010 
d 0.000000000e+000 0.000000000e+000 -2.329779346e-010 3.000000000e-001 3.000000000e-001 1.885355507e-011 3.400000000e-001 3.400000000e-001 2.141243687e-010 
d 0.000000000e+000 0.000000000e+000 -2.386629626e-010 3.000000000e-001 3.000000000e-001 1.884665275e-011 3.500000000e-001 3.500000000e-001 2.198163028e-010 
d 0.000000000e+000 0.000000000e+000 -2.445964992e-010 3.000000000e-001 3.000000000e-001 1.883984135e-011 3.600000000e-001 3.600000000e-001 2.257566501e-010 
d 0.000000000e+000 0.000000000e+000 -2.507943107e-010 3.000000000e-001 3.000000000e-001 1.883311705e-011 3.700000000e-001 3.700000000e-001 2.319611912e-010 
d 0.000000000e+000 0.000000000e+000 -2.572734473e-010 3.000000000e-001 3.000000000e-001 1.882647944e-011 3.800000000e-001 3.800000000e-001 2.384469600e-010 
d 0.000000000e+000 0.000000000e+000 -2.640523001e-010 3.000000000e-001 3.000000000e-001 1.881993147e-011 3.900000000e-001 3.900000000e-001 2.452323660e-010 
d 0.000000000e+000 0.000000000e+000 -2.711508068e-010 3.000000000e-001 3.000000000e-001 1.881347930e-011 4.000000000e-001 4.000000000e-001 2.523373298e-010 
d 0.000000000e+000 0.000000000e+000 -2.785905705e-010 3.000000000e-001 3.000000000e-001 1.880713200e-011 4.100000000e-001 4.100000000e-001 2.597834332e-010 
d 0.000000000e+000 0.000000000e+000 -2.863949991e-010 3.000000000e-001 3.000000000e-001 1.880090125e-011 4.200000000e-001 4.200000000e-001 2.675940856e-010 
d 0.000000000e+000 0.000000000e+000 -2.945895190e-010 3.000000000e-001 3.000000000e-001 1.879480085e-011 4.300000000e-001 4.300000000e-001 2.757947096e-010 
d 0.000000000e+000 0.000000000e+000 -3.032018063e-010 3.000000000e-001 3.000000000e-001 1.878884612e-011 4.400000000e-001 4.400000000e-001 2.844129471e-010 
d 0.000000000e+000 0.000000000e+000 -3.122619517e-010 3.000000000e-001 3.000000000e-001 1.878305338e-011 4.500000000e-001 4.500000000e-001 2.934788896e-010 
d 0.000000000e+000 0.000000000e+000 -3.218027726e-010 3.000000000e-001 3.000000000e-001 1.877743933e-011 4.600000000e-001 4.600000000e-001 3.030253350e-010 
d 0.000000000e+000 0.000000000e+000 -3.318601023e-010 3.000000000e-001 3.000000000e-001 1.877202065e-011 4.700000000e-001 4.700000000e-001 3.130880741e-010 
d 0.000000000e+000 0.000000000e+000 -3.424730322e-010 3.000000000e-001 3.000000000e-001 1.876681371e-011 4.800000000e-001 4.800000000e-001 3.237062114e-010 
d 0.000000000e+000 0.000000000e+000 -3.536843659e-010 3.000000000e-001 3.000000000e-001 1.876183441e-011 4.900000000e-001 4.900000000e-001 3.349225238e-010 
d 0.000000000e+000 0.000000000e+000 -3.655409619e-010 3.000000000e-001 3.000000000e-001 1.875709820e-011 5.000000000e-001 5.000000000e-001 3.467838632e-010 
